{"/Library/WebServer/Documents/lambda-nutritional-tracker/nutrition-tracker-be/index.js": {"path":"/Library/WebServer/Documents/lambda-nutritional-tracker/nutrition-tracker-be/index.js","statementMap":{"0":{"start":{"line":1,"column":0},"end":{"line":1,"column":27}},"1":{"start":{"line":2,"column":15},"end":{"line":2,"column":34}},"2":{"start":{"line":3,"column":15},"end":{"line":3,"column":38}},"3":{"start":{"line":4,"column":13},"end":{"line":4,"column":37}},"4":{"start":{"line":5,"column":12},"end":{"line":5,"column":34}},"5":{"start":{"line":6,"column":23},"end":{"line":6,"column":49}},"6":{"start":{"line":7,"column":17},"end":{"line":7,"column":36}},"7":{"start":{"line":10,"column":15},"end":{"line":10,"column":44}},"8":{"start":{"line":13,"column":0},"end":{"line":13,"column":26}},"9":{"start":{"line":15,"column":0},"end":{"line":17,"column":3}},"10":{"start":{"line":16,"column":2},"end":{"line":16,"column":41}}},"fnMap":{"0":{"name":"(anonymous_0)","decl":{"start":{"line":15,"column":20},"end":{"line":15,"column":21}},"loc":{"start":{"line":15,"column":26},"end":{"line":17,"column":1}},"line":15}},"branchMap":{"0":{"loc":{"start":{"line":4,"column":13},"end":{"line":4,"column":37}},"type":"binary-expr","locations":[{"start":{"line":4,"column":13},"end":{"line":4,"column":29}},{"start":{"line":4,"column":33},"end":{"line":4,"column":37}}],"line":4}},"s":{"0":0,"1":0,"2":0,"3":0,"4":0,"5":0,"6":0,"7":0,"8":0,"9":0,"10":0},"f":{"0":0},"b":{"0":[0,0]},"hash":"2be6245fabe0653607933a7821a335f21c405b84"}
,"/Library/WebServer/Documents/lambda-nutritional-tracker/nutrition-tracker-be/knexfile.js": {"path":"/Library/WebServer/Documents/lambda-nutritional-tracker/nutrition-tracker-be/knexfile.js","statementMap":{"0":{"start":{"line":1,"column":0},"end":{"line":1,"column":27}},"1":{"start":{"line":4,"column":21},"end":{"line":4,"column":45}},"2":{"start":{"line":6,"column":0},"end":{"line":49,"column":1}}},"fnMap":{},"branchMap":{},"s":{"0":1,"1":1,"2":1},"f":{},"b":{},"_coverageSchema":"43e27e138ebf9cfc5966b082cf9a028302ed4184","hash":"8d83a3201683760d341474ec19a79c7555931456"}
,"/Library/WebServer/Documents/lambda-nutritional-tracker/nutrition-tracker-be/server.js": {"path":"/Library/WebServer/Documents/lambda-nutritional-tracker/nutrition-tracker-be/server.js","statementMap":{"0":{"start":{"line":1,"column":0},"end":{"line":1,"column":27}},"1":{"start":{"line":2,"column":16},"end":{"line":2,"column":34}},"2":{"start":{"line":3,"column":17},"end":{"line":3,"column":36}},"3":{"start":{"line":4,"column":23},"end":{"line":4,"column":49}},"4":{"start":{"line":5,"column":17},"end":{"line":5,"column":46}},"5":{"start":{"line":7,"column":13},"end":{"line":7,"column":28}},"6":{"start":{"line":8,"column":15},"end":{"line":8,"column":32}},"7":{"start":{"line":9,"column":15},"end":{"line":9,"column":32}},"8":{"start":{"line":10,"column":15},"end":{"line":10,"column":24}},"9":{"start":{"line":11,"column":23},"end":{"line":11,"column":62}},"10":{"start":{"line":21,"column":0},"end":{"line":21,"column":26}},"11":{"start":{"line":22,"column":0},"end":{"line":22,"column":27}},"12":{"start":{"line":23,"column":0},"end":{"line":23,"column":19}},"13":{"start":{"line":24,"column":0},"end":{"line":24,"column":21}},"14":{"start":{"line":25,"column":0},"end":{"line":25,"column":32}},"15":{"start":{"line":27,"column":0},"end":{"line":33,"column":5}},"16":{"start":{"line":28,"column":4},"end":{"line":31,"column":7}},"17":{"start":{"line":32,"column":4},"end":{"line":32,"column":74}},"18":{"start":{"line":35,"column":0},"end":{"line":35,"column":24}}},"fnMap":{"0":{"name":"(anonymous_0)","decl":{"start":{"line":27,"column":16},"end":{"line":27,"column":17}},"loc":{"start":{"line":27,"column":28},"end":{"line":33,"column":3}},"line":27}},"branchMap":{},"s":{"0":1,"1":1,"2":1,"3":1,"4":1,"5":1,"6":1,"7":1,"8":1,"9":1,"10":1,"11":1,"12":1,"13":1,"14":1,"15":1,"16":0,"17":0,"18":1},"f":{"0":0},"b":{},"_coverageSchema":"43e27e138ebf9cfc5966b082cf9a028302ed4184","hash":"1d00b66d3f49cd9f17a12d2ea944ccdcaaee1f02"}
,"/Library/WebServer/Documents/lambda-nutritional-tracker/nutrition-tracker-be/data/knex.js": {"path":"/Library/WebServer/Documents/lambda-nutritional-tracker/nutrition-tracker-be/data/knex.js","statementMap":{"0":{"start":{"line":1,"column":20},"end":{"line":1,"column":60}},"1":{"start":{"line":2,"column":15},"end":{"line":2,"column":53}},"2":{"start":{"line":3,"column":13},"end":{"line":3,"column":28}},"3":{"start":{"line":5,"column":0},"end":{"line":5,"column":30}}},"fnMap":{},"branchMap":{"0":{"loc":{"start":{"line":1,"column":20},"end":{"line":1,"column":60}},"type":"binary-expr","locations":[{"start":{"line":1,"column":20},"end":{"line":1,"column":43}},{"start":{"line":1,"column":47},"end":{"line":1,"column":60}}],"line":1}},"s":{"0":1,"1":1,"2":1,"3":1},"f":{},"b":{"0":[1,1]},"_coverageSchema":"43e27e138ebf9cfc5966b082cf9a028302ed4184","hash":"53a64b88ffb8d64cf094e6d91d9419fac8aa152c"}
,"/Library/WebServer/Documents/lambda-nutritional-tracker/nutrition-tracker-be/data/migrations/20191028225403_users.js": {"path":"/Library/WebServer/Documents/lambda-nutritional-tracker/nutrition-tracker-be/data/migrations/20191028225403_users.js","statementMap":{"0":{"start":{"line":1,"column":0},"end":{"line":16,"column":2}},"1":{"start":{"line":2,"column":2},"end":{"line":15,"column":5}},"2":{"start":{"line":3,"column":4},"end":{"line":3,"column":21}},"3":{"start":{"line":4,"column":4},"end":{"line":7,"column":21}},"4":{"start":{"line":8,"column":4},"end":{"line":8,"column":25}},"5":{"start":{"line":9,"column":4},"end":{"line":9,"column":36}},"6":{"start":{"line":10,"column":4},"end":{"line":10,"column":43}},"7":{"start":{"line":11,"column":4},"end":{"line":13,"column":21}},"8":{"start":{"line":14,"column":4},"end":{"line":14,"column":34}},"9":{"start":{"line":18,"column":0},"end":{"line":20,"column":2}},"10":{"start":{"line":19,"column":2},"end":{"line":19,"column":75}}},"fnMap":{"0":{"name":"(anonymous_0)","decl":{"start":{"line":1,"column":13},"end":{"line":1,"column":14}},"loc":{"start":{"line":1,"column":28},"end":{"line":16,"column":1}},"line":1},"1":{"name":"(anonymous_1)","decl":{"start":{"line":2,"column":42},"end":{"line":2,"column":43}},"loc":{"start":{"line":2,"column":49},"end":{"line":15,"column":3}},"line":2},"2":{"name":"(anonymous_2)","decl":{"start":{"line":18,"column":15},"end":{"line":18,"column":16}},"loc":{"start":{"line":18,"column":30},"end":{"line":20,"column":1}},"line":18}},"branchMap":{},"s":{"0":1,"1":1,"2":1,"3":1,"4":1,"5":1,"6":1,"7":1,"8":1,"9":1,"10":1},"f":{"0":1,"1":1,"2":1},"b":{},"_coverageSchema":"43e27e138ebf9cfc5966b082cf9a028302ed4184","hash":"fa795b2f1afc2d658e9867ce3a79794790e5bcc4"}
,"/Library/WebServer/Documents/lambda-nutritional-tracker/nutrition-tracker-be/data/migrations/20191029215637_food_and_beverages.js": {"path":"/Library/WebServer/Documents/lambda-nutritional-tracker/nutrition-tracker-be/data/migrations/20191029215637_food_and_beverages.js","statementMap":{"0":{"start":{"line":1,"column":0},"end":{"line":20,"column":2}},"1":{"start":{"line":2,"column":2},"end":{"line":19,"column":5}},"2":{"start":{"line":3,"column":4},"end":{"line":3,"column":21}},"3":{"start":{"line":4,"column":4},"end":{"line":7,"column":21}},"4":{"start":{"line":8,"column":4},"end":{"line":8,"column":27}},"5":{"start":{"line":9,"column":4},"end":{"line":9,"column":34}},"6":{"start":{"line":10,"column":4},"end":{"line":10,"column":30}},"7":{"start":{"line":11,"column":4},"end":{"line":11,"column":37}},"8":{"start":{"line":12,"column":4},"end":{"line":12,"column":28}},"9":{"start":{"line":13,"column":4},"end":{"line":13,"column":25}},"10":{"start":{"line":14,"column":4},"end":{"line":14,"column":29}},"11":{"start":{"line":15,"column":4},"end":{"line":15,"column":27}},"12":{"start":{"line":16,"column":4},"end":{"line":16,"column":27}},"13":{"start":{"line":17,"column":4},"end":{"line":17,"column":27}},"14":{"start":{"line":18,"column":4},"end":{"line":18,"column":29}},"15":{"start":{"line":22,"column":0},"end":{"line":24,"column":2}},"16":{"start":{"line":23,"column":2},"end":{"line":23,"column":61}}},"fnMap":{"0":{"name":"(anonymous_0)","decl":{"start":{"line":1,"column":13},"end":{"line":1,"column":14}},"loc":{"start":{"line":1,"column":28},"end":{"line":20,"column":1}},"line":1},"1":{"name":"(anonymous_1)","decl":{"start":{"line":2,"column":55},"end":{"line":2,"column":56}},"loc":{"start":{"line":2,"column":62},"end":{"line":19,"column":3}},"line":2},"2":{"name":"(anonymous_2)","decl":{"start":{"line":22,"column":15},"end":{"line":22,"column":16}},"loc":{"start":{"line":22,"column":30},"end":{"line":24,"column":1}},"line":22}},"branchMap":{},"s":{"0":1,"1":1,"2":1,"3":1,"4":1,"5":1,"6":1,"7":1,"8":1,"9":1,"10":1,"11":1,"12":1,"13":1,"14":1,"15":1,"16":1},"f":{"0":1,"1":1,"2":1},"b":{},"_coverageSchema":"43e27e138ebf9cfc5966b082cf9a028302ed4184","hash":"da825bd0298abe63cbf619e1ba5a08963c0b508f"}
,"/Library/WebServer/Documents/lambda-nutritional-tracker/nutrition-tracker-be/data/migrations/20191029221802_consumption_log.js": {"path":"/Library/WebServer/Documents/lambda-nutritional-tracker/nutrition-tracker-be/data/migrations/20191029221802_consumption_log.js","statementMap":{"0":{"start":{"line":1,"column":0},"end":{"line":27,"column":2}},"1":{"start":{"line":2,"column":2},"end":{"line":26,"column":5}},"2":{"start":{"line":3,"column":4},"end":{"line":3,"column":21}},"3":{"start":{"line":4,"column":4},"end":{"line":11,"column":27}},"4":{"start":{"line":12,"column":4},"end":{"line":19,"column":27}},"5":{"start":{"line":20,"column":4},"end":{"line":22,"column":33}},"6":{"start":{"line":23,"column":4},"end":{"line":23,"column":34}},"7":{"start":{"line":24,"column":4},"end":{"line":24,"column":37}},"8":{"start":{"line":25,"column":4},"end":{"line":25,"column":26}},"9":{"start":{"line":29,"column":0},"end":{"line":31,"column":2}},"10":{"start":{"line":30,"column":2},"end":{"line":30,"column":58}}},"fnMap":{"0":{"name":"(anonymous_0)","decl":{"start":{"line":1,"column":13},"end":{"line":1,"column":14}},"loc":{"start":{"line":1,"column":28},"end":{"line":27,"column":1}},"line":1},"1":{"name":"(anonymous_1)","decl":{"start":{"line":2,"column":52},"end":{"line":2,"column":53}},"loc":{"start":{"line":2,"column":59},"end":{"line":26,"column":3}},"line":2},"2":{"name":"(anonymous_2)","decl":{"start":{"line":29,"column":15},"end":{"line":29,"column":16}},"loc":{"start":{"line":29,"column":30},"end":{"line":31,"column":1}},"line":29}},"branchMap":{},"s":{"0":1,"1":1,"2":1,"3":1,"4":1,"5":1,"6":1,"7":1,"8":1,"9":1,"10":1},"f":{"0":1,"1":1,"2":1},"b":{},"_coverageSchema":"43e27e138ebf9cfc5966b082cf9a028302ed4184","hash":"6e669d438b964daf5f49e4ffc2024a3299aec5db"}
,"/Library/WebServer/Documents/lambda-nutritional-tracker/nutrition-tracker-be/data/migrations/20191101111107_recipes.js": {"path":"/Library/WebServer/Documents/lambda-nutritional-tracker/nutrition-tracker-be/data/migrations/20191101111107_recipes.js","statementMap":{"0":{"start":{"line":1,"column":0},"end":{"line":15,"column":2}},"1":{"start":{"line":2,"column":2},"end":{"line":14,"column":5}},"2":{"start":{"line":3,"column":4},"end":{"line":3,"column":21}},"3":{"start":{"line":4,"column":4},"end":{"line":7,"column":21}},"4":{"start":{"line":8,"column":4},"end":{"line":8,"column":28}},"5":{"start":{"line":9,"column":4},"end":{"line":9,"column":33}},"6":{"start":{"line":10,"column":4},"end":{"line":10,"column":33}},"7":{"start":{"line":11,"column":4},"end":{"line":11,"column":28}},"8":{"start":{"line":12,"column":4},"end":{"line":12,"column":37}},"9":{"start":{"line":13,"column":4},"end":{"line":13,"column":36}},"10":{"start":{"line":17,"column":0},"end":{"line":19,"column":2}},"11":{"start":{"line":18,"column":2},"end":{"line":18,"column":50}}},"fnMap":{"0":{"name":"(anonymous_0)","decl":{"start":{"line":1,"column":13},"end":{"line":1,"column":14}},"loc":{"start":{"line":1,"column":28},"end":{"line":15,"column":1}},"line":1},"1":{"name":"(anonymous_1)","decl":{"start":{"line":2,"column":44},"end":{"line":2,"column":45}},"loc":{"start":{"line":2,"column":51},"end":{"line":14,"column":3}},"line":2},"2":{"name":"(anonymous_2)","decl":{"start":{"line":17,"column":15},"end":{"line":17,"column":16}},"loc":{"start":{"line":17,"column":30},"end":{"line":19,"column":1}},"line":17}},"branchMap":{},"s":{"0":1,"1":1,"2":1,"3":1,"4":1,"5":1,"6":1,"7":1,"8":1,"9":1,"10":1,"11":1},"f":{"0":1,"1":1,"2":1},"b":{},"_coverageSchema":"43e27e138ebf9cfc5966b082cf9a028302ed4184","hash":"ad7922ca3cf512f1f6d9d5da31acb956d15ec788"}
,"/Library/WebServer/Documents/lambda-nutritional-tracker/nutrition-tracker-be/data/migrations/20191101111431_recipe_instructions.js": {"path":"/Library/WebServer/Documents/lambda-nutritional-tracker/nutrition-tracker-be/data/migrations/20191101111431_recipe_instructions.js","statementMap":{"0":{"start":{"line":1,"column":0},"end":{"line":15,"column":2}},"1":{"start":{"line":2,"column":2},"end":{"line":14,"column":5}},"2":{"start":{"line":3,"column":4},"end":{"line":3,"column":21}},"3":{"start":{"line":4,"column":4},"end":{"line":11,"column":27}},"4":{"start":{"line":12,"column":4},"end":{"line":12,"column":31}},"5":{"start":{"line":13,"column":4},"end":{"line":13,"column":33}},"6":{"start":{"line":17,"column":0},"end":{"line":19,"column":2}},"7":{"start":{"line":18,"column":2},"end":{"line":18,"column":62}}},"fnMap":{"0":{"name":"(anonymous_0)","decl":{"start":{"line":1,"column":13},"end":{"line":1,"column":14}},"loc":{"start":{"line":1,"column":28},"end":{"line":15,"column":1}},"line":1},"1":{"name":"(anonymous_1)","decl":{"start":{"line":2,"column":56},"end":{"line":2,"column":57}},"loc":{"start":{"line":2,"column":63},"end":{"line":14,"column":3}},"line":2},"2":{"name":"(anonymous_2)","decl":{"start":{"line":17,"column":15},"end":{"line":17,"column":16}},"loc":{"start":{"line":17,"column":30},"end":{"line":19,"column":1}},"line":17}},"branchMap":{},"s":{"0":1,"1":1,"2":1,"3":1,"4":1,"5":1,"6":1,"7":1},"f":{"0":1,"1":1,"2":1},"b":{},"_coverageSchema":"43e27e138ebf9cfc5966b082cf9a028302ed4184","hash":"e3352efcf5424895c56a91b283fa49f2320393ab"}
,"/Library/WebServer/Documents/lambda-nutritional-tracker/nutrition-tracker-be/data/migrations/20191101114349_recipe_ingredients.js": {"path":"/Library/WebServer/Documents/lambda-nutritional-tracker/nutrition-tracker-be/data/migrations/20191101114349_recipe_ingredients.js","statementMap":{"0":{"start":{"line":1,"column":0},"end":{"line":25,"column":2}},"1":{"start":{"line":2,"column":2},"end":{"line":24,"column":5}},"2":{"start":{"line":3,"column":4},"end":{"line":3,"column":21}},"3":{"start":{"line":4,"column":4},"end":{"line":11,"column":27}},"4":{"start":{"line":12,"column":4},"end":{"line":19,"column":27}},"5":{"start":{"line":20,"column":4},"end":{"line":20,"column":36}},"6":{"start":{"line":21,"column":4},"end":{"line":21,"column":34}},"7":{"start":{"line":22,"column":4},"end":{"line":22,"column":37}},"8":{"start":{"line":23,"column":4},"end":{"line":23,"column":26}},"9":{"start":{"line":27,"column":0},"end":{"line":29,"column":2}},"10":{"start":{"line":28,"column":2},"end":{"line":28,"column":61}}},"fnMap":{"0":{"name":"(anonymous_0)","decl":{"start":{"line":1,"column":13},"end":{"line":1,"column":14}},"loc":{"start":{"line":1,"column":28},"end":{"line":25,"column":1}},"line":1},"1":{"name":"(anonymous_1)","decl":{"start":{"line":2,"column":55},"end":{"line":2,"column":56}},"loc":{"start":{"line":2,"column":62},"end":{"line":24,"column":3}},"line":2},"2":{"name":"(anonymous_2)","decl":{"start":{"line":27,"column":15},"end":{"line":27,"column":16}},"loc":{"start":{"line":27,"column":30},"end":{"line":29,"column":1}},"line":27}},"branchMap":{},"s":{"0":1,"1":1,"2":1,"3":1,"4":1,"5":1,"6":1,"7":1,"8":1,"9":1,"10":1},"f":{"0":1,"1":1,"2":1},"b":{},"_coverageSchema":"43e27e138ebf9cfc5966b082cf9a028302ed4184","hash":"707d73cb965ae6217383b063eb79f992a87a8e6c"}
,"/Library/WebServer/Documents/lambda-nutritional-tracker/nutrition-tracker-be/data/migrations/20191101115044_recipes_consumption.js": {"path":"/Library/WebServer/Documents/lambda-nutritional-tracker/nutrition-tracker-be/data/migrations/20191101115044_recipes_consumption.js","statementMap":{"0":{"start":{"line":1,"column":0},"end":{"line":25,"column":2}},"1":{"start":{"line":2,"column":2},"end":{"line":24,"column":5}},"2":{"start":{"line":3,"column":4},"end":{"line":3,"column":21}},"3":{"start":{"line":4,"column":4},"end":{"line":11,"column":27}},"4":{"start":{"line":12,"column":4},"end":{"line":19,"column":27}},"5":{"start":{"line":20,"column":4},"end":{"line":22,"column":33}},"6":{"start":{"line":23,"column":4},"end":{"line":23,"column":37}},"7":{"start":{"line":27,"column":0},"end":{"line":29,"column":2}},"8":{"start":{"line":28,"column":2},"end":{"line":28,"column":62}}},"fnMap":{"0":{"name":"(anonymous_0)","decl":{"start":{"line":1,"column":13},"end":{"line":1,"column":14}},"loc":{"start":{"line":1,"column":28},"end":{"line":25,"column":1}},"line":1},"1":{"name":"(anonymous_1)","decl":{"start":{"line":2,"column":56},"end":{"line":2,"column":57}},"loc":{"start":{"line":2,"column":63},"end":{"line":24,"column":3}},"line":2},"2":{"name":"(anonymous_2)","decl":{"start":{"line":27,"column":15},"end":{"line":27,"column":16}},"loc":{"start":{"line":27,"column":30},"end":{"line":29,"column":1}},"line":27}},"branchMap":{},"s":{"0":1,"1":1,"2":1,"3":1,"4":1,"5":1,"6":1,"7":1,"8":1},"f":{"0":1,"1":1,"2":1},"b":{},"_coverageSchema":"43e27e138ebf9cfc5966b082cf9a028302ed4184","hash":"fc46090b8214d4900630974506ceca6b252c1776"}
,"/Library/WebServer/Documents/lambda-nutritional-tracker/nutrition-tracker-be/data/migrations/20191101115603_user_budget_data.js": {"path":"/Library/WebServer/Documents/lambda-nutritional-tracker/nutrition-tracker-be/data/migrations/20191101115603_user_budget_data.js","statementMap":{"0":{"start":{"line":1,"column":0},"end":{"line":17,"column":2}},"1":{"start":{"line":2,"column":2},"end":{"line":16,"column":5}},"2":{"start":{"line":3,"column":4},"end":{"line":3,"column":21}},"3":{"start":{"line":4,"column":4},"end":{"line":11,"column":27}},"4":{"start":{"line":12,"column":4},"end":{"line":12,"column":27}},"5":{"start":{"line":13,"column":4},"end":{"line":13,"column":48}},"6":{"start":{"line":14,"column":4},"end":{"line":14,"column":34}},"7":{"start":{"line":15,"column":4},"end":{"line":15,"column":34}},"8":{"start":{"line":19,"column":0},"end":{"line":21,"column":2}},"9":{"start":{"line":20,"column":2},"end":{"line":20,"column":59}}},"fnMap":{"0":{"name":"(anonymous_0)","decl":{"start":{"line":1,"column":13},"end":{"line":1,"column":14}},"loc":{"start":{"line":1,"column":28},"end":{"line":17,"column":1}},"line":1},"1":{"name":"(anonymous_1)","decl":{"start":{"line":2,"column":53},"end":{"line":2,"column":54}},"loc":{"start":{"line":2,"column":60},"end":{"line":16,"column":3}},"line":2},"2":{"name":"(anonymous_2)","decl":{"start":{"line":19,"column":15},"end":{"line":19,"column":16}},"loc":{"start":{"line":19,"column":30},"end":{"line":21,"column":1}},"line":19}},"branchMap":{},"s":{"0":1,"1":1,"2":1,"3":1,"4":1,"5":1,"6":1,"7":1,"8":1,"9":1},"f":{"0":1,"1":1,"2":1},"b":{},"_coverageSchema":"43e27e138ebf9cfc5966b082cf9a028302ed4184","hash":"18fff30e73188750c63c0bf7fdd5604f8955d5bb"}
,"/Library/WebServer/Documents/lambda-nutritional-tracker/nutrition-tracker-be/data/migrations/20191101120511_user_metric_history.js": {"path":"/Library/WebServer/Documents/lambda-nutritional-tracker/nutrition-tracker-be/data/migrations/20191101120511_user_metric_history.js","statementMap":{"0":{"start":{"line":1,"column":0},"end":{"line":17,"column":2}},"1":{"start":{"line":2,"column":2},"end":{"line":16,"column":5}},"2":{"start":{"line":3,"column":4},"end":{"line":3,"column":21}},"3":{"start":{"line":4,"column":4},"end":{"line":11,"column":27}},"4":{"start":{"line":12,"column":4},"end":{"line":14,"column":33}},"5":{"start":{"line":15,"column":4},"end":{"line":15,"column":29}},"6":{"start":{"line":19,"column":0},"end":{"line":21,"column":2}},"7":{"start":{"line":20,"column":2},"end":{"line":20,"column":62}}},"fnMap":{"0":{"name":"(anonymous_0)","decl":{"start":{"line":1,"column":13},"end":{"line":1,"column":14}},"loc":{"start":{"line":1,"column":28},"end":{"line":17,"column":1}},"line":1},"1":{"name":"(anonymous_1)","decl":{"start":{"line":2,"column":56},"end":{"line":2,"column":57}},"loc":{"start":{"line":2,"column":63},"end":{"line":16,"column":3}},"line":2},"2":{"name":"(anonymous_2)","decl":{"start":{"line":19,"column":15},"end":{"line":19,"column":16}},"loc":{"start":{"line":19,"column":30},"end":{"line":21,"column":1}},"line":19}},"branchMap":{},"s":{"0":1,"1":1,"2":1,"3":1,"4":1,"5":1,"6":1,"7":1},"f":{"0":1,"1":1,"2":1},"b":{},"_coverageSchema":"43e27e138ebf9cfc5966b082cf9a028302ed4184","hash":"2579f3c907aaeb4b1927f2c71f6a2be06bf8d5fe"}
,"/Library/WebServer/Documents/lambda-nutritional-tracker/nutrition-tracker-be/data/seeds/000-cleanup.js": {"path":"/Library/WebServer/Documents/lambda-nutritional-tracker/nutrition-tracker-be/data/seeds/000-cleanup.js","statementMap":{"0":{"start":{"line":2,"column":0},"end":{"line":21,"column":2}},"1":{"start":{"line":4,"column":2},"end":{"line":20,"column":3}},"2":{"start":{"line":6,"column":4},"end":{"line":6,"column":47}},"3":{"start":{"line":7,"column":4},"end":{"line":7,"column":44}},"4":{"start":{"line":8,"column":4},"end":{"line":8,"column":47}},"5":{"start":{"line":9,"column":4},"end":{"line":9,"column":46}},"6":{"start":{"line":10,"column":4},"end":{"line":10,"column":47}},"7":{"start":{"line":11,"column":4},"end":{"line":11,"column":70}},"8":{"start":{"line":12,"column":4},"end":{"line":12,"column":43}},"9":{"start":{"line":13,"column":4},"end":{"line":13,"column":81}},"10":{"start":{"line":14,"column":4},"end":{"line":14,"column":68}},"11":{"start":{"line":19,"column":5},"end":{"line":19,"column":22}}},"fnMap":{"0":{"name":"(anonymous_0)","decl":{"start":{"line":2,"column":15},"end":{"line":2,"column":16}},"loc":{"start":{"line":2,"column":36},"end":{"line":21,"column":1}},"line":2}},"branchMap":{},"s":{"0":0,"1":0,"2":0,"3":0,"4":0,"5":0,"6":0,"7":0,"8":0,"9":0,"10":0,"11":0},"f":{"0":0},"b":{},"hash":"f908d3d314b369d85046d4d75ae35efe1ba5dbfc"}
,"/Library/WebServer/Documents/lambda-nutritional-tracker/nutrition-tracker-be/data/seeds/001-users.js": {"path":"/Library/WebServer/Documents/lambda-nutritional-tracker/nutrition-tracker-be/data/seeds/001-users.js","statementMap":{"0":{"start":{"line":2,"column":0},"end":{"line":47,"column":2}},"1":{"start":{"line":4,"column":2},"end":{"line":46,"column":7}},"2":{"start":{"line":7,"column":6},"end":{"line":45,"column":9}}},"fnMap":{"0":{"name":"(anonymous_0)","decl":{"start":{"line":2,"column":15},"end":{"line":2,"column":16}},"loc":{"start":{"line":2,"column":30},"end":{"line":47,"column":1}},"line":2},"1":{"name":"(anonymous_1)","decl":{"start":{"line":5,"column":10},"end":{"line":5,"column":11}},"loc":{"start":{"line":5,"column":22},"end":{"line":46,"column":5}},"line":5}},"branchMap":{},"s":{"0":0,"1":0,"2":0},"f":{"0":0,"1":0},"b":{},"hash":"77694dcbf3dcd87a849200832b3705156551bc34"}
,"/Library/WebServer/Documents/lambda-nutritional-tracker/nutrition-tracker-be/data/seeds/002-user-metric-history.js": {"path":"/Library/WebServer/Documents/lambda-nutritional-tracker/nutrition-tracker-be/data/seeds/002-user-metric-history.js","statementMap":{"0":{"start":{"line":2,"column":0},"end":{"line":53,"column":2}},"1":{"start":{"line":4,"column":2},"end":{"line":52,"column":7}},"2":{"start":{"line":7,"column":6},"end":{"line":51,"column":9}}},"fnMap":{"0":{"name":"(anonymous_0)","decl":{"start":{"line":2,"column":15},"end":{"line":2,"column":16}},"loc":{"start":{"line":2,"column":30},"end":{"line":53,"column":1}},"line":2},"1":{"name":"(anonymous_1)","decl":{"start":{"line":5,"column":10},"end":{"line":5,"column":11}},"loc":{"start":{"line":5,"column":22},"end":{"line":52,"column":5}},"line":5}},"branchMap":{},"s":{"0":0,"1":0,"2":0},"f":{"0":0,"1":0},"b":{},"hash":"fb8abe1dc1143a8720b390b6d345acbf92fdb391"}
,"/Library/WebServer/Documents/lambda-nutritional-tracker/nutrition-tracker-be/data/seeds/003-user-budget-data.js": {"path":"/Library/WebServer/Documents/lambda-nutritional-tracker/nutrition-tracker-be/data/seeds/003-user-budget-data.js","statementMap":{"0":{"start":{"line":2,"column":0},"end":{"line":43,"column":2}},"1":{"start":{"line":4,"column":2},"end":{"line":42,"column":7}},"2":{"start":{"line":7,"column":6},"end":{"line":41,"column":9}}},"fnMap":{"0":{"name":"(anonymous_0)","decl":{"start":{"line":2,"column":15},"end":{"line":2,"column":16}},"loc":{"start":{"line":2,"column":30},"end":{"line":43,"column":1}},"line":2},"1":{"name":"(anonymous_1)","decl":{"start":{"line":5,"column":10},"end":{"line":5,"column":11}},"loc":{"start":{"line":5,"column":22},"end":{"line":42,"column":5}},"line":5}},"branchMap":{},"s":{"0":0,"1":0,"2":0},"f":{"0":0,"1":0},"b":{},"hash":"0ccb941d214fdc1549d3af56612e5e715af8770b"}
,"/Library/WebServer/Documents/lambda-nutritional-tracker/nutrition-tracker-be/data/seeds/004-food_and_beverages.js": {"path":"/Library/WebServer/Documents/lambda-nutritional-tracker/nutrition-tracker-be/data/seeds/004-food_and_beverages.js","statementMap":{"0":{"start":{"line":2,"column":0},"end":{"line":72,"column":2}},"1":{"start":{"line":4,"column":2},"end":{"line":71,"column":7}},"2":{"start":{"line":7,"column":6},"end":{"line":70,"column":9}}},"fnMap":{"0":{"name":"(anonymous_0)","decl":{"start":{"line":2,"column":15},"end":{"line":2,"column":16}},"loc":{"start":{"line":2,"column":30},"end":{"line":72,"column":1}},"line":2},"1":{"name":"(anonymous_1)","decl":{"start":{"line":5,"column":10},"end":{"line":5,"column":11}},"loc":{"start":{"line":5,"column":22},"end":{"line":71,"column":5}},"line":5}},"branchMap":{},"s":{"0":0,"1":0,"2":0},"f":{"0":0,"1":0},"b":{},"hash":"66304a0b57bf70d8a0ece3058985e98bde846b7e"}
,"/Library/WebServer/Documents/lambda-nutritional-tracker/nutrition-tracker-be/data/seeds/005-consumption_log.js": {"path":"/Library/WebServer/Documents/lambda-nutritional-tracker/nutrition-tracker-be/data/seeds/005-consumption_log.js","statementMap":{"0":{"start":{"line":2,"column":0},"end":{"line":74,"column":2}},"1":{"start":{"line":4,"column":2},"end":{"line":73,"column":7}},"2":{"start":{"line":7,"column":6},"end":{"line":72,"column":9}}},"fnMap":{"0":{"name":"(anonymous_0)","decl":{"start":{"line":2,"column":15},"end":{"line":2,"column":16}},"loc":{"start":{"line":2,"column":30},"end":{"line":74,"column":1}},"line":2},"1":{"name":"(anonymous_1)","decl":{"start":{"line":5,"column":10},"end":{"line":5,"column":11}},"loc":{"start":{"line":5,"column":22},"end":{"line":73,"column":5}},"line":5}},"branchMap":{},"s":{"0":0,"1":0,"2":0},"f":{"0":0,"1":0},"b":{},"hash":"2fa3c5813085f507265ce790964a36e50b37a81f"}
,"/Library/WebServer/Documents/lambda-nutritional-tracker/nutrition-tracker-be/data/seeds/006-recipes.js": {"path":"/Library/WebServer/Documents/lambda-nutritional-tracker/nutrition-tracker-be/data/seeds/006-recipes.js","statementMap":{"0":{"start":{"line":2,"column":0},"end":{"line":32,"column":2}},"1":{"start":{"line":4,"column":2},"end":{"line":31,"column":7}},"2":{"start":{"line":7,"column":6},"end":{"line":30,"column":9}}},"fnMap":{"0":{"name":"(anonymous_0)","decl":{"start":{"line":2,"column":15},"end":{"line":2,"column":16}},"loc":{"start":{"line":2,"column":30},"end":{"line":32,"column":1}},"line":2},"1":{"name":"(anonymous_1)","decl":{"start":{"line":5,"column":10},"end":{"line":5,"column":11}},"loc":{"start":{"line":5,"column":22},"end":{"line":31,"column":5}},"line":5}},"branchMap":{},"s":{"0":0,"1":0,"2":0},"f":{"0":0,"1":0},"b":{},"hash":"45bdf4b3a2baa1812c565ea1b106df268b480707"}
,"/Library/WebServer/Documents/lambda-nutritional-tracker/nutrition-tracker-be/data/seeds/007-recipe_instructions.js": {"path":"/Library/WebServer/Documents/lambda-nutritional-tracker/nutrition-tracker-be/data/seeds/007-recipe_instructions.js","statementMap":{"0":{"start":{"line":2,"column":0},"end":{"line":73,"column":2}},"1":{"start":{"line":4,"column":2},"end":{"line":72,"column":7}},"2":{"start":{"line":7,"column":6},"end":{"line":71,"column":9}}},"fnMap":{"0":{"name":"(anonymous_0)","decl":{"start":{"line":2,"column":15},"end":{"line":2,"column":16}},"loc":{"start":{"line":2,"column":30},"end":{"line":73,"column":1}},"line":2},"1":{"name":"(anonymous_1)","decl":{"start":{"line":5,"column":10},"end":{"line":5,"column":11}},"loc":{"start":{"line":5,"column":22},"end":{"line":72,"column":5}},"line":5}},"branchMap":{},"s":{"0":0,"1":0,"2":0},"f":{"0":0,"1":0},"b":{},"hash":"97c81908d9173f5a77d134f76395f6c5adcd1752"}
,"/Library/WebServer/Documents/lambda-nutritional-tracker/nutrition-tracker-be/data/seeds/008-recipe_ingredients.js": {"path":"/Library/WebServer/Documents/lambda-nutritional-tracker/nutrition-tracker-be/data/seeds/008-recipe_ingredients.js","statementMap":{"0":{"start":{"line":2,"column":0},"end":{"line":65,"column":2}},"1":{"start":{"line":4,"column":2},"end":{"line":64,"column":7}},"2":{"start":{"line":7,"column":6},"end":{"line":63,"column":9}}},"fnMap":{"0":{"name":"(anonymous_0)","decl":{"start":{"line":2,"column":15},"end":{"line":2,"column":16}},"loc":{"start":{"line":2,"column":30},"end":{"line":65,"column":1}},"line":2},"1":{"name":"(anonymous_1)","decl":{"start":{"line":5,"column":10},"end":{"line":5,"column":11}},"loc":{"start":{"line":5,"column":22},"end":{"line":64,"column":5}},"line":5}},"branchMap":{},"s":{"0":0,"1":0,"2":0},"f":{"0":0,"1":0},"b":{},"hash":"56eacd1ae3c7b42ba4bc4b2c94d0cdf026c7ec09"}
,"/Library/WebServer/Documents/lambda-nutritional-tracker/nutrition-tracker-be/data/seeds/009-recipes_consumption.js": {"path":"/Library/WebServer/Documents/lambda-nutritional-tracker/nutrition-tracker-be/data/seeds/009-recipes_consumption.js","statementMap":{"0":{"start":{"line":2,"column":0},"end":{"line":53,"column":2}},"1":{"start":{"line":4,"column":2},"end":{"line":52,"column":7}},"2":{"start":{"line":7,"column":6},"end":{"line":51,"column":9}}},"fnMap":{"0":{"name":"(anonymous_0)","decl":{"start":{"line":2,"column":15},"end":{"line":2,"column":16}},"loc":{"start":{"line":2,"column":30},"end":{"line":53,"column":1}},"line":2},"1":{"name":"(anonymous_1)","decl":{"start":{"line":5,"column":10},"end":{"line":5,"column":11}},"loc":{"start":{"line":5,"column":22},"end":{"line":52,"column":5}},"line":5}},"branchMap":{},"s":{"0":0,"1":0,"2":0},"f":{"0":0,"1":0},"b":{},"hash":"025bedaea39a44a14a24bdef7494f127e9b12ab8"}
,"/Library/WebServer/Documents/lambda-nutritional-tracker/nutrition-tracker-be/routes/fatsecret/fatsecret.js": {"path":"/Library/WebServer/Documents/lambda-nutritional-tracker/nutrition-tracker-be/routes/fatsecret/fatsecret.js","statementMap":{"0":{"start":{"line":1,"column":16},"end":{"line":1,"column":34}},"1":{"start":{"line":2,"column":14},"end":{"line":2,"column":30}},"2":{"start":{"line":3,"column":13},"end":{"line":3,"column":28}},"3":{"start":{"line":4,"column":21},"end":{"line":4,"column":45}},"4":{"start":{"line":5,"column":25},"end":{"line":5,"column":55}},"5":{"start":{"line":7,"column":15},"end":{"line":7,"column":31}},"6":{"start":{"line":12,"column":0},"end":{"line":35,"column":3}},"7":{"start":{"line":13,"column":17},"end":{"line":13,"column":35}},"8":{"start":{"line":14,"column":17},"end":{"line":14,"column":27}},"9":{"start":{"line":16,"column":2},"end":{"line":34,"column":7}},"10":{"start":{"line":19,"column":24},"end":{"line":19,"column":42}},"11":{"start":{"line":20,"column":31},"end":{"line":20,"column":57}},"12":{"start":{"line":21,"column":32},"end":{"line":29,"column":8}},"13":{"start":{"line":22,"column":32},"end":{"line":26,"column":9}},"14":{"start":{"line":27,"column":61},"end":{"line":27,"column":76}},"15":{"start":{"line":28,"column":8},"end":{"line":28,"column":40}},"16":{"start":{"line":30,"column":6},"end":{"line":30,"column":36}},"17":{"start":{"line":33,"column":6},"end":{"line":33,"column":25}},"18":{"start":{"line":37,"column":0},"end":{"line":65,"column":3}},"19":{"start":{"line":38,"column":27},"end":{"line":38,"column":55}},"20":{"start":{"line":39,"column":17},"end":{"line":39,"column":31}},"21":{"start":{"line":41,"column":2},"end":{"line":62,"column":7}},"22":{"start":{"line":43,"column":27},"end":{"line":43,"column":51}},"23":{"start":{"line":45,"column":29},"end":{"line":45,"column":63}},"24":{"start":{"line":46,"column":28},"end":{"line":46,"column":55}},"25":{"start":{"line":48,"column":31},"end":{"line":56,"column":8}},"26":{"start":{"line":49,"column":8},"end":{"line":55,"column":10}},"27":{"start":{"line":58,"column":6},"end":{"line":58,"column":33}},"28":{"start":{"line":61,"column":6},"end":{"line":61,"column":25}},"29":{"start":{"line":67,"column":0},"end":{"line":67,"column":24}}},"fnMap":{"0":{"name":"(anonymous_0)","decl":{"start":{"line":12,"column":43},"end":{"line":12,"column":44}},"loc":{"start":{"line":12,"column":63},"end":{"line":35,"column":1}},"line":12},"1":{"name":"(anonymous_1)","decl":{"start":{"line":18,"column":10},"end":{"line":18,"column":11}},"loc":{"start":{"line":18,"column":22},"end":{"line":31,"column":5}},"line":18},"2":{"name":"(anonymous_2)","decl":{"start":{"line":21,"column":53},"end":{"line":21,"column":54}},"loc":{"start":{"line":21,"column":58},"end":{"line":29,"column":7}},"line":21},"3":{"name":"(anonymous_3)","decl":{"start":{"line":32,"column":11},"end":{"line":32,"column":12}},"loc":{"start":{"line":32,"column":20},"end":{"line":34,"column":5}},"line":32},"4":{"name":"(anonymous_4)","decl":{"start":{"line":37,"column":56},"end":{"line":37,"column":57}},"loc":{"start":{"line":37,"column":76},"end":{"line":65,"column":1}},"line":37},"5":{"name":"(anonymous_5)","decl":{"start":{"line":42,"column":10},"end":{"line":42,"column":11}},"loc":{"start":{"line":42,"column":22},"end":{"line":59,"column":5}},"line":42},"6":{"name":"(anonymous_6)","decl":{"start":{"line":48,"column":48},"end":{"line":48,"column":49}},"loc":{"start":{"line":48,"column":53},"end":{"line":56,"column":7}},"line":48},"7":{"name":"(anonymous_7)","decl":{"start":{"line":60,"column":11},"end":{"line":60,"column":12}},"loc":{"start":{"line":60,"column":20},"end":{"line":62,"column":5}},"line":60}},"branchMap":{},"s":{"0":1,"1":1,"2":1,"3":1,"4":1,"5":1,"6":1,"7":0,"8":0,"9":0,"10":0,"11":0,"12":0,"13":0,"14":0,"15":0,"16":0,"17":0,"18":1,"19":2,"20":2,"21":2,"22":2,"23":2,"24":2,"25":2,"26":20,"27":2,"28":0,"29":1},"f":{"0":0,"1":0,"2":0,"3":0,"4":2,"5":2,"6":20,"7":0},"b":{},"_coverageSchema":"43e27e138ebf9cfc5966b082cf9a028302ed4184","hash":"0b26a67a99ea2f11ce67da2cce09a3592d65715b"}
,"/Library/WebServer/Documents/lambda-nutritional-tracker/nutrition-tracker-be/routes/fatsecret/oauthQueryBuilder.js": {"path":"/Library/WebServer/Documents/lambda-nutritional-tracker/nutrition-tracker-be/routes/fatsecret/oauthQueryBuilder.js","statementMap":{"0":{"start":{"line":1,"column":0},"end":{"line":1,"column":27}},"1":{"start":{"line":2,"column":14},"end":{"line":2,"column":30}},"2":{"start":{"line":3,"column":17},"end":{"line":3,"column":36}},"3":{"start":{"line":5,"column":17},"end":{"line":5,"column":65}},"4":{"start":{"line":6,"column":22},"end":{"line":6,"column":27}},"5":{"start":{"line":7,"column":31},"end":{"line":7,"column":42}},"6":{"start":{"line":9,"column":0},"end":{"line":30,"column":2}},"7":{"start":{"line":10,"column":20},"end":{"line":13,"column":4}},"8":{"start":{"line":15,"column":14},"end":{"line":15,"column":38}},"9":{"start":{"line":17,"column":2},"end":{"line":20,"column":4}},"10":{"start":{"line":27,"column":2},"end":{"line":29,"column":5}},"11":{"start":{"line":36,"column":20},"end":{"line":36,"column":59}},"12":{"start":{"line":38,"column":2},"end":{"line":45,"column":4}},"13":{"start":{"line":49,"column":30},"end":{"line":53,"column":13}},"14":{"start":{"line":54,"column":23},"end":{"line":54,"column":59}},"15":{"start":{"line":55,"column":2},"end":{"line":55,"column":73}},"16":{"start":{"line":59,"column":2},"end":{"line":61,"column":15}},"17":{"start":{"line":60,"column":18},"end":{"line":60,"column":38}},"18":{"start":{"line":65,"column":18},"end":{"line":65,"column":20}},"19":{"start":{"line":67,"column":2},"end":{"line":71,"column":7}},"20":{"start":{"line":70,"column":6},"end":{"line":70,"column":38}},"21":{"start":{"line":73,"column":2},"end":{"line":73,"column":17}}},"fnMap":{"0":{"name":"(anonymous_0)","decl":{"start":{"line":9,"column":17},"end":{"line":9,"column":18}},"loc":{"start":{"line":9,"column":56},"end":{"line":30,"column":1}},"line":9},"1":{"name":"getOauthParameters","decl":{"start":{"line":35,"column":9},"end":{"line":35,"column":27}},"loc":{"start":{"line":35,"column":30},"end":{"line":46,"column":1}},"line":35},"2":{"name":"signRequest","decl":{"start":{"line":48,"column":9},"end":{"line":48,"column":20}},"loc":{"start":{"line":48,"column":54},"end":{"line":56,"column":1}},"line":48},"3":{"name":"objectToString","decl":{"start":{"line":58,"column":9},"end":{"line":58,"column":23}},"loc":{"start":{"line":58,"column":37},"end":{"line":62,"column":1}},"line":58},"4":{"name":"(anonymous_4)","decl":{"start":{"line":60,"column":9},"end":{"line":60,"column":10}},"loc":{"start":{"line":60,"column":18},"end":{"line":60,"column":38}},"line":60},"5":{"name":"orderedObject","decl":{"start":{"line":64,"column":9},"end":{"line":64,"column":22}},"loc":{"start":{"line":64,"column":36},"end":{"line":74,"column":1}},"line":64},"6":{"name":"(anonymous_6)","decl":{"start":{"line":69,"column":13},"end":{"line":69,"column":14}},"loc":{"start":{"line":69,"column":20},"end":{"line":71,"column":5}},"line":69}},"branchMap":{"0":{"loc":{"start":{"line":9,"column":18},"end":{"line":9,"column":35}},"type":"default-arg","locations":[{"start":{"line":9,"column":33},"end":{"line":9,"column":35}}],"line":9},"1":{"loc":{"start":{"line":9,"column":37},"end":{"line":9,"column":51}},"type":"default-arg","locations":[{"start":{"line":9,"column":46},"end":{"line":9,"column":51}}],"line":9},"2":{"loc":{"start":{"line":48,"column":34},"end":{"line":48,"column":52}},"type":"default-arg","locations":[{"start":{"line":48,"column":47},"end":{"line":48,"column":52}}],"line":48}},"s":{"0":1,"1":1,"2":1,"3":1,"4":1,"5":1,"6":1,"7":2,"8":2,"9":2,"10":2,"11":2,"12":2,"13":2,"14":2,"15":2,"16":4,"17":38,"18":2,"19":2,"20":18,"21":2},"f":{"0":2,"1":2,"2":2,"3":4,"4":38,"5":2,"6":18},"b":{"0":[0],"1":[2],"2":[2]},"_coverageSchema":"43e27e138ebf9cfc5966b082cf9a028302ed4184","hash":"197965e4db3f123dbe450c173c391943cc5035df"}
}
